android-app/app/build/outputs/mapping/release/mapping.txt
# compiler: R8
# compiler_version: 2.1.86
# min_api: 19
# pg_map_id: 8e5aad1
# common_typos_disable
simple_ttt.lnoppinger.LauncherActivity -> simple_ttt.lnoppinger.LauncherActivity:
    android.net.Uri getLaunchingUrl() -> g
...
com.google.androidbrowserhelper.trusted.TwaLauncher$FallbackStrategy -> com.google.androidbrowserhelper.trusted.v$a:
    void launch(android.content.Context,androidx.browser.trusted.TrustedWebActivityIntentBuilder,java.lang.String,java.lang.Runnable) -> a
com.google.androidbrowserhelper.trusted.TwaLauncher$TwaCustomTabsServiceConnection -> com.google.androidbrowserhelper.trusted.v$b:
    java.lang.Runnable mOnSessionCreationFailedRunnable -> c
    java.lang.Runnable mOnSessionCreatedRunnable -> b
    androidx.browser.customtabs.CustomTabsCallback mCustomTabsCallback -> d
    com.google.androidbrowserhelper.trusted.TwaLauncher this$0 -> e
    void onCustomTabsServiceConnected(android.content.ComponentName,androidx.browser.customtabs.CustomTabsClient) -> a
    void access$000(com.google.androidbrowserhelper.trusted.TwaLauncher$TwaCustomTabsServiceConnection,java.lang.Runnable,java.lang.Runnable) -> c
    void setSessionCreationRunnables(java.lang.Runnable,java.lang.Runnable) -> d
com.google.androidbrowserhelper.trusted.TwaProviderPicker -> com.google.androidbrowserhelper.trusted.w:
    java.lang.String sPackageNameForTesting -> a
    java.util.Map getLaunchModesForCustomTabsServices(android.content.pm.PackageManager) -> a
    com.google.androidbrowserhelper.trusted.TwaProviderPicker$Action pickProvider(android.content.pm.PackageManager) -> b
com.google.androidbrowserhelper.trusted.TwaProviderPicker$Action -> com.google.androidbrowserhelper.trusted.w$a:
    java.lang.String provider -> b
    int launchMode -> a
com.google.androidbrowserhelper.trusted.TwaSharedPreferencesManager -> com.google.androidbrowserhelper.trusted.x:
    android.content.SharedPreferences mSharedPreferences -> a
    java.lang.String readLastLaunchedProviderPackageName() -> a
    void writeLastLaunchedProviderPackageName(java.lang.String) -> b
com.google.androidbrowserhelper.trusted.Utils -> com.google.androidbrowserhelper.trusted.y:
    void addSystemUiVisibilityFlag(android.app.Activity,int) -> a
    android.graphics.Bitmap convertDrawableToBitmap(android.content.Context,int) -> b
    float luminanceOfColorComponent(float) -> c
    void setNavigationBarColor(android.app.Activity,int) -> d
    void setStatusBarColor(android.app.Activity,int) -> e
    boolean shouldUseDarkIconsOnBackground(int) -> f
com.google.androidbrowserhelper.trusted.WebViewFallbackActivity -> com.google.androidbrowserhelper.trusted.WebViewFallbackActivity:
    java.util.List mExtraOrigins -> d
    android.webkit.WebView mWebView -> c
    int mStatusBarColor -> b
    java.lang.String TAG -> e
    android.net.Uri mLaunchUrl -> a
    android.webkit.WebView access$000(com.google.androidbrowserhelper.trusted.WebViewFallbackActivity) -> a
    android.webkit.WebView access$002(com.google.androidbrowserhelper.trusted.WebViewFallbackActivity,android.webkit.WebView) -> b
    void access$100(android.webkit.WebSettings) -> c
    android.net.Uri access$200(com.google.androidbrowserhelper.trusted.WebViewFallbackActivity) -> d
    int access$300(com.google.androidbrowserhelper.trusted.WebViewFallbackActivity) -> e
    java.lang.String access$400() -> f
    java.util.List access$500(com.google.androidbrowserhelper.trusted.WebViewFallbackActivity) -> g
    android.content.Intent createLaunchIntent(android.content.Context,android.net.Uri,com.google.androidbrowserhelper.trusted.LauncherActivityMetadata) -> h
    android.webkit.WebChromeClient createWebViewChromeClient() -> i
    android.webkit.WebViewClient createWebViewClient() -> j
    void setupWebSettings(android.webkit.WebSettings) -> k
com.google.androidbrowserhelper.trusted.WebViewFallbackActivity$1 -> com.google.androidbrowserhelper.trusted.WebViewFallbackActivity$a:
    com.google.androidbrowserhelper.trusted.WebViewFallbackActivity this$0 -> a
    boolean matchExtraOrigins(android.net.Uri) -> a
    boolean shouldOverrideUrlLoading(android.net.Uri) -> b
    boolean uriOriginsMatch(android.net.Uri,android.net.Uri) -> c