android-app/app/build/outputs/mapping/release/usage.txt
simple_ttt.lnoppinger.R$attr
simple_ttt.lnoppinger.R$raw
simple_ttt.lnoppinger.R$xml
simple_ttt.lnoppinger.BuildConfig
simple_ttt.lnoppinger.R$mipmap
simple_ttt.lnoppinger.R$color
simple_ttt.lnoppinger.R$bool
simple_ttt.lnoppinger.R$dimen
simple_ttt.lnoppinger.R$layout
simple_ttt.lnoppinger.R$string
simple_ttt.lnoppinger.R$drawable
simple_ttt.lnoppinger.R$style
simple_ttt.lnoppinger.R$id
simple_ttt.lnoppinger.R$integer
simple_ttt.lnoppinger.R$styleable
simple_ttt.lnoppinger.R
...
androidx.core.app.FrameMetricsAggregator
androidx.core.graphics.PaintCompat
androidx.core.view.ViewGroupCompat
androidx.core.view.ScaleGestureDetectorCompat
androidx.core.app.NotificationCompat$CarExtender
androidx.browser.customtabs.CustomTabsService$FilePurpose
androidx.lifecycle.GenericLifecycleObserver
androidx.annotation.LayoutRes
androidx.concurrent.futures.AbstractResolvableFuture$SynchronizedHelper
android.support.v4.app.INotificationSideChannel
androidx.core.graphics.PathParser$ExtractFloatResult
androidx.core.provider.FontsContractCompat$4$3
androidx.browser.trusted.TrustedWebActivityServiceConnection$1
androidx.core.app.RemoteActionCompat:
    public void <init>(androidx.core.graphics.drawable.IconCompat,java.lang.CharSequence,java.lang.CharSequence,android.app.PendingIntent)
    public void <init>(androidx.core.app.RemoteActionCompat)
    public static androidx.core.app.RemoteActionCompat createFromRemoteAction(android.app.RemoteAction)
    public void setEnabled(boolean)
    public boolean isEnabled()
    public void setShouldShowIcon(boolean)
    public boolean shouldShowIcon()
    public androidx.core.graphics.drawable.IconCompat getIcon()
    public java.lang.CharSequence getTitle()
    public java.lang.CharSequence getContentDescription()
    public android.app.PendingIntent getActionIntent()
    public android.app.RemoteAction toRemoteAction()
androidx.core.graphics.BitmapCompat
androidx.collection.CircularArray
androidx.core.provider.SelfDestructiveThread
androidx.versionedparcelable.VersionedParcel$1
com.google.androidbrowserhelper.trusted.ChromeUpdatePrompt:
    private void <init>()
    private static final java.lang.String UPDATE_CHROME_MESSAGE_RESOURCE_ID
androidx.core.app.ActivityOptionsCompat$ActivityOptionsCompatImpl
androidx.browser.customtabs.CustomTabsClient$1
androidx.core.app.ActivityRecreator
androidx.annotation.UiThread
androidx.versionedparcelable.NonParcelField
androidx.browser.customtabs.PostMessageBackend
androidx.core.view.GravityCompat
android.support.customtabs.trusted.ITrustedWebActivityCallback$Default
androidx.annotation.IntegerRes
androidx.annotation.GuardedBy
androidx.core.R$integer
androidx.arch.core.internal.SafeIterableMap$IteratorWithAdditions
androidx.annotation.InspectableProperty$ValueType
androidx.core.content.res.FontResourcesParserCompat$FamilyResourceEntry
androidx.core.R
androidx.core.view.accessibility.AccessibilityNodeInfoCompat$CollectionItemInfoCompat
androidx.core.view.ViewPropertyAnimatorListenerAdapter
androidx.core.widget.ListViewAutoScrollHelper
androidx.core.util.Pools$SynchronizedPool
androidx.browser.browseractions.BrowserServiceFileProvider$FileSaveTask
androidx.annotation.InspectableProperty
androidx.core.app.NotificationManagerCompat$NotifyTask
androidx.core.content.pm.ShortcutInfoCompat
android.support.customtabs.trusted.ITrustedWebActivityService$Stub:
    public static android.support.customtabs.trusted.ITrustedWebActivityService asInterface(android.os.IBinder)
    public static boolean setDefaultImpl(android.support.customtabs.trusted.ITrustedWebActivityService)
    public static android.support.customtabs.trusted.ITrustedWebActivityService getDefaultImpl()
    private static final java.lang.String DESCRIPTOR
    static final int TRANSACTION_areNotificationsEnabled
    static final int TRANSACTION_notifyNotificationWithChannel
    static final int TRANSACTION_cancelNotification
    static final int TRANSACTION_getActiveNotifications
    static final int TRANSACTION_getSmallIconId
    static final int TRANSACTION_getSmallIconBitmap
    static final int TRANSACTION_extraCommand
androidx.core.content.SharedPreferencesCompat$EditorCompat
androidx.core.app.ShareCompat
androidx.core.view.accessibility.AccessibilityNodeProviderCompat$AccessibilityNodeProviderApi16
androidx.core.view.NestedScrollingParent
androidx.core.app.NotificationCompat$Extender
androidx.lifecycle.MethodCallsLogger
androidx.browser.browseractions.BrowserActionsFallbackMenuUi